<?xml version="1.0" encoding="UTF-8"?>
<!-- Generated by org.testng.reporters.JUnitReportReporter -->
<testsuite skipped="0" hostname="Hadeer.local" name="tests.UserRegistrationTest" tests="1" failures="0" timestamp="2019-10-18T11:10:53 EET" time="15.677" errors="0">
  <testcase name="UserRegisterSuccessfully" time="15.677" classname="tests.UserRegistrationTest"/>
</testsuite> <!-- tests.UserRegistrationTest -->
