<?xml version="1.0" encoding="UTF-8"?>
<!-- Generated by org.testng.reporters.JUnitReportReporter -->
<testsuite skipped="3" hostname="DESKTOP-USOSIEK" name="tests.UserRegistrationTest" tests="4" failures="0" timestamp="2019-10-20T12:08:06 EET" time="3.052" errors="1">
  <testcase name="RegisteredUserCanLogin" time="0.000" classname="tests.UserRegistrationTest">
    <skipped/>
  </testcase> <!-- RegisteredUserCanLogin -->
  <testcase name="RegisteredUserCanLogout" time="0.000" classname="tests.UserRegistrationTest">
    <skipped/>
  </testcase> <!-- RegisteredUserCanLogout -->
  <testcase name="startDriver" time="3.052" classname="tests.UserRegistrationTest">
    <error type="org.openqa.selenium.SessionNotCreatedException" message="session not created: This version of ChromeDriver only supports Chrome version 78
Build info: version: &#039;3.141.59&#039;, revision: &#039;e82be7d358&#039;, time: &#039;2018-11-14T08:17:03&#039;
System info: host: &#039;DESKTOP-USOSIEK&#039;, ip: &#039;10.43.30.83&#039;, os.name: &#039;Windows 10&#039;, os.arch: &#039;amd64&#039;, os.version: &#039;10.0&#039;, java.version: &#039;1.8.0_121&#039;
Driver info: driver.version: ChromeDriver
remote stacktrace: Backtrace:
	Ordinal0 [0x00C9AA43+1550915]
	Ordinal0 [0x00C1A901+1026305]
	Ordinal0 [0x00B9C915+510229]
	Ordinal0 [0x00B2FC68+64616]
	Ordinal0 [0x00B2C594+50580]
	Ordinal0 [0x00B4ACE7+175335]
	Ordinal0 [0x00B4A8ED+174317]
	Ordinal0 [0x00B48CDB+167131]
	Ordinal0 [0x00B3144A+70730]
	Ordinal0 [0x00B324D0+74960]
	Ordinal0 [0x00B32469+74857]
	Ordinal0 [0x00C344C7+1131719]
	GetHandleVerifier [0x00D3722D+523773]
	GetHandleVerifier [0x00D36FC0+523152]
	GetHandleVerifier [0x00D3E317+552679]
	GetHandleVerifier [0x00D37A2A+525818]
	Ordinal0 [0x00C2B9FC+1096188]
	Ordinal0 [0x00C3653B+1140027]
	Ordinal0 [0x00C366A3+1140387]
	Ordinal0 [0x00C35625+1136165]
	BaseThreadInitThunk [0x76EA6359+25]
	RtlGetAppContainerNamedObjectPath [0x77227B74+228]
	RtlGetAppContainerNamedObjectPath [0x77227B44+180]
">
      <![CDATA[org.openqa.selenium.SessionNotCreatedException: session not created: This version of ChromeDriver only supports Chrome version 78
Build info: version: '3.141.59', revision: 'e82be7d358', time: '2018-11-14T08:17:03'
System info: host: 'DESKTOP-USOSIEK', ip: '10.43.30.83', os.name: 'Windows 10', os.arch: 'amd64', os.version: '10.0', java.version: '1.8.0_121'
Driver info: driver.version: ChromeDriver
remote stacktrace: Backtrace:
Ordinal0 [0x00C9AA43+1550915]
Ordinal0 [0x00C1A901+1026305]
Ordinal0 [0x00B9C915+510229]
Ordinal0 [0x00B2FC68+64616]
Ordinal0 [0x00B2C594+50580]
Ordinal0 [0x00B4ACE7+175335]
Ordinal0 [0x00B4A8ED+174317]
Ordinal0 [0x00B48CDB+167131]
Ordinal0 [0x00B3144A+70730]
Ordinal0 [0x00B324D0+74960]
Ordinal0 [0x00B32469+74857]
Ordinal0 [0x00C344C7+1131719]
GetHandleVerifier [0x00D3722D+523773]
GetHandleVerifier [0x00D36FC0+523152]
GetHandleVerifier [0x00D3E317+552679]
GetHandleVerifier [0x00D37A2A+525818]
Ordinal0 [0x00C2B9FC+1096188]
Ordinal0 [0x00C3653B+1140027]
Ordinal0 [0x00C366A3+1140387]
Ordinal0 [0x00C35625+1136165]
BaseThreadInitThunk [0x76EA6359+25]
RtlGetAppContainerNamedObjectPath [0x77227B74+228]
RtlGetAppContainerNamedObjectPath [0x77227B44+180]

at sun.reflect.NativeConstructorAccessorImpl.newInstance0(Native Method)
at sun.reflect.NativeConstructorAccessorImpl.newInstance(Unknown Source)
at sun.reflect.DelegatingConstructorAccessorImpl.newInstance(Unknown Source)
at java.lang.reflect.Constructor.newInstance(Unknown Source)
at org.openqa.selenium.remote.W3CHandshakeResponse.lambda$errorHandler$0(W3CHandshakeResponse.java:62)
at org.openqa.selenium.remote.HandshakeResponse.lambda$getResponseFunction$0(HandshakeResponse.java:30)
at org.openqa.selenium.remote.ProtocolHandshake.lambda$createSession$0(ProtocolHandshake.java:126)
at java.util.stream.ReferencePipeline$3$1.accept(Unknown Source)
at java.util.Spliterators$ArraySpliterator.tryAdvance(Unknown Source)
at java.util.stream.ReferencePipeline.forEachWithCancel(Unknown Source)
at java.util.stream.AbstractPipeline.copyIntoWithCancel(Unknown Source)
at java.util.stream.AbstractPipeline.copyInto(Unknown Source)
at java.util.stream.AbstractPipeline.wrapAndCopyInto(Unknown Source)
at java.util.stream.FindOps$FindOp.evaluateSequential(Unknown Source)
at java.util.stream.AbstractPipeline.evaluate(Unknown Source)
at java.util.stream.ReferencePipeline.findFirst(Unknown Source)
at org.openqa.selenium.remote.ProtocolHandshake.createSession(ProtocolHandshake.java:128)
at org.openqa.selenium.remote.ProtocolHandshake.createSession(ProtocolHandshake.java:74)
at org.openqa.selenium.remote.HttpCommandExecutor.execute(HttpCommandExecutor.java:136)
at org.openqa.selenium.remote.service.DriverCommandExecutor.execute(DriverCommandExecutor.java:83)
at org.openqa.selenium.remote.RemoteWebDriver.execute(RemoteWebDriver.java:552)
at org.openqa.selenium.remote.RemoteWebDriver.startSession(RemoteWebDriver.java:213)
at org.openqa.selenium.remote.RemoteWebDriver.<init>(RemoteWebDriver.java:131)
at org.openqa.selenium.chrome.ChromeDriver.<init>(ChromeDriver.java:181)
at org.openqa.selenium.chrome.ChromeDriver.<init>(ChromeDriver.java:168)
at org.openqa.selenium.chrome.ChromeDriver.<init>(ChromeDriver.java:123)
at tests.TestBase.startDriver(TestBase.java:32)
at sun.reflect.NativeMethodAccessorImpl.invoke0(Native Method)
at sun.reflect.NativeMethodAccessorImpl.invoke(Unknown Source)
at sun.reflect.DelegatingMethodAccessorImpl.invoke(Unknown Source)
at java.lang.reflect.Method.invoke(Unknown Source)
at org.testng.internal.MethodInvocationHelper.invokeMethod(MethodInvocationHelper.java:133)
at org.testng.internal.MethodInvocationHelper.invokeMethodConsideringTimeout(MethodInvocationHelper.java:62)
at org.testng.internal.ConfigInvoker.invokeConfigurationMethod(ConfigInvoker.java:340)
at org.testng.internal.ConfigInvoker.invokeConfigurations(ConfigInvoker.java:294)
at org.testng.SuiteRunner.privateRun(SuiteRunner.java:345)
at org.testng.SuiteRunner.run(SuiteRunner.java:304)
at org.testng.SuiteRunnerWorker.runSuite(SuiteRunnerWorker.java:53)
at org.testng.SuiteRunnerWorker.run(SuiteRunnerWorker.java:96)
at org.testng.TestNG.runSuitesSequentially(TestNG.java:1180)
at org.testng.TestNG.runSuitesLocally(TestNG.java:1102)
at org.testng.TestNG.runSuites(TestNG.java:1032)
at org.testng.TestNG.run(TestNG.java:1000)
at org.testng.remote.AbstractRemoteTestNG.run(AbstractRemoteTestNG.java:115)
at org.testng.remote.RemoteTestNG.initAndRun(RemoteTestNG.java:251)
at org.testng.remote.RemoteTestNG.main(RemoteTestNG.java:77)
]]>
    </error>
  </testcase> <!-- startDriver -->
  <testcase name="UserRegisterSuccessfully" time="0.000" classname="tests.UserRegistrationTest">
    <skipped/>
  </testcase> <!-- UserRegisterSuccessfully -->
</testsuite> <!-- tests.UserRegistrationTest -->
