<?xml version="1.0" encoding="UTF-8"?>
<!-- Generated by org.testng.reporters.JUnitReportReporter -->
<testsuite skipped="0" hostname="DESKTOP-USOSIEK" name="tests.UserRegistrationTestwithDD" tests="2" failures="0" timestamp="2019-12-18T14:06:03 EET" time="53.615" errors="0">
  <testcase name="UserRegisterSuccessfully" time="13.813" classname="tests.UserRegistrationTestwithDD"/>
  <testcase name="UserRegisterSuccessfully" time="39.802" classname="tests.UserRegistrationTestwithDD"/>
</testsuite> <!-- tests.UserRegistrationTestwithDD -->
