<?xml version="1.0" encoding="UTF-8"?>
<!-- Generated by org.testng.reporters.JUnitReportReporter -->
<testsuite skipped="0" hostname="DESKTOP-USOSIEK" name="tests.UserRegistrationTestwithDDAndFileProperties" tests="1" failures="0" timestamp="2019-12-18T15:23:51 EET" time="15.676" errors="0">
  <testcase name="UserRegisterSuccessfully" time="15.676" classname="tests.UserRegistrationTestwithDDAndFileProperties"/>
</testsuite> <!-- tests.UserRegistrationTestwithDDAndFileProperties -->
