<?xml version="1.0" encoding="UTF-8"?>
<!-- Generated by org.testng.reporters.JUnitReportReporter -->
<testsuite skipped="0" hostname="Hadeer.local" name="tests.ChangePassTest" tests="4" failures="0" timestamp="2019-10-19T18:08:25 EET" time="13.608" errors="0">
  <testcase name="changePass" time="3.302" classname="tests.ChangePassTest"/>
  <testcase name="RegisteredUserCanLogout" time="1.654" classname="tests.ChangePassTest"/>
  <testcase name="RegisteredUserCanLogin" time="2.808" classname="tests.ChangePassTest"/>
  <testcase name="UserRegisterSuccessfully" time="5.844" classname="tests.ChangePassTest"/>
</testsuite> <!-- tests.ChangePassTest -->
