<?xml version="1.0" encoding="UTF-8"?>
<!-- Generated by org.testng.reporters.JUnitReportReporter -->
<testsuite skipped="0" hostname="Hadeer.local" name="tests.UserRegistrationTest" tests="1" failures="0" timestamp="2019-10-18T12:52:32 EET" time="20.179" errors="0">
  <testcase name="UserRegisterSuccessfully" time="20.179" classname="tests.UserRegistrationTest"/>
</testsuite> <!-- tests.UserRegistrationTest -->
