<?xml version="1.0" encoding="UTF-8"?>
<!-- Generated by org.testng.reporters.JUnitReportReporter -->
<testsuite skipped="0" hostname="DESKTOP-USOSIEK" name="tests.UserRegistrationTestDDTAndJavaDataFaker" tests="1" failures="0" timestamp="2019-12-24T11:07:13 EET" time="6.790" errors="0">
  <testcase name="UserRegisterSuccessfully" time="6.790" classname="tests.UserRegistrationTestDDTAndJavaDataFaker"/>
</testsuite> <!-- tests.UserRegistrationTestDDTAndJavaDataFaker -->
