<?xml version="1.0" encoding="UTF-8"?>
<!-- Generated by org.testng.reporters.JUnitReportReporter -->
<testsuite skipped="0" hostname="DESKTOP-USOSIEK" name="tests.ChangePassTest" tests="4" failures="0" timestamp="2019-10-20T12:27:31 EET" time="12.004" errors="0">
  <testcase name="changePass" time="3.797" classname="tests.ChangePassTest"/>
  <testcase name="RegisteredUserCanLogin" time="2.134" classname="tests.ChangePassTest"/>
  <testcase name="RegisteredUserCanLogout" time="1.618" classname="tests.ChangePassTest"/>
  <testcase name="UserRegisterSuccessfully" time="4.455" classname="tests.ChangePassTest"/>
</testsuite> <!-- tests.ChangePassTest -->
