<?xml version="1.0" encoding="UTF-8"?>
<!-- Generated by org.testng.reporters.JUnitReportReporter -->
<testsuite skipped="0" hostname="DESKTOP-USOSIEK" name="tests.UserRegistrationTestDDTANDJason" tests="1" failures="0" timestamp="2019-12-24T10:55:19 EET" time="20.387" errors="0">
  <testcase name="UserRegisterSuccessfully" time="20.387" classname="tests.UserRegistrationTestDDTANDJason"/>
</testsuite> <!-- tests.UserRegistrationTestDDTANDJason -->
