<?xml version="1.0" encoding="UTF-8"?>
<!-- Generated by org.testng.reporters.JUnitReportReporter -->
<testsuite skipped="0" hostname="Hadeer.local" name="tests.UserRegistrationTest" tests="1" failures="0" timestamp="2019-10-18T20:36:40 EET" time="22.205" errors="0">
  <testcase name="UserRegisterSuccessfully" time="22.205" classname="tests.UserRegistrationTest"/>
</testsuite> <!-- tests.UserRegistrationTest -->
